<?xml version="1.0" encoding="UTF-8"?>
<testsuite xmlns:xsi="http://www.w3.org/2001/XMLSchema-instance" xsi:noNamespaceSchemaLocation="https://maven.apache.org/surefire/maven-surefire-plugin/xsd/surefire-test-report-3.0.xsd" version="3.0" name="TestSuite" time="38.862" tests="2" errors="0" skipped="0" failures="0">
  <properties>
[...]
</properties>
  <testcase name="Testcase1" classname="Testcase.HomeTc" time="5.337">
    <system-out><![CDATA[urlLogin: http://localhost:3000/staff/class
loginPass: http://localhost:3000/staff/class
Test passed: Search results are displayed.
url1: http://localhost:3000/staff/student/LH201901
url2: http://localhost:3000/staff/student/LH201901
Test passed: Search results are displayed.
]]></system-out>
    <system-err><![CDATA[SLF4J: Failed to load class "org.slf4j.impl.StaticLoggerBinder".
SLF4J: Defaulting to no-operation (NOP) logger implementation
SLF4J: See http://www.slf4j.org/codes.html#StaticLoggerBinder for further details.
Starting ChromeDriver 127.0.6533.72 (9755e24ca85aa18ffa16c743f660a3d914902775-refs/branch-heads/6533@{#1760}) on port 42107
Only local connections are allowed.
Please see https://chromedriver.chromium.org/security-considerations for suggestions on keeping ChromeDriver safe.
ChromeDriver was started successfully.
Aug 25, 2024 3:51:55 PM org.openqa.selenium.remote.ProtocolHandshake createSession
INFO: Detected dialect: W3C
]]></system-err>
  </testcase>
  <testcase name="Testcase2" classname="Testcase.HomeTc" time="6.083">
    <system-out><![CDATA[urlLogin: http://localhost:3000/staff/class
loginPass: http://localhost:3000/staff/class
Test passed: Search results are displayed.
]]></system-out>
  </testcase>
</testsuite>